<?xml version="1.0" encoding="UTF-8"?>
<!-- Generated by org.testng.reporters.JUnitXMLReporter -->
<testsuite ignored="1" hostname="QT-INHD-LT0210" failures="0" tests="1" name="ErrorValidation" time="2.449" errors="0" timestamp="2023-07-31T16:00:15 IST">
  <testcase classname="sahanaCart.ErrorValidation" name="loginErrorValidation" time="0.0">
    <skipped/>
  </testcase> <!-- loginErrorValidation -->
  <testcase classname="sahanaCart.ErrorValidation" name="CartErrorValidation" time="0.0">
    <ignored/>
  </testcase> <!-- CartErrorValidation -->
</testsuite> <!-- ErrorValidation -->
