<?xml version="1.0" encoding="UTF-8"?>
<!-- Generated by org.testng.reporters.JUnitXMLReporter -->
<testsuite ignored="0" hostname="QT-INHD-LT0210" failures="1" tests="2" name="erroralidation" time="11.074" errors="0" timestamp="2023-06-26T15:16:38 IST">
  <testcase classname="positiveAndNegativeTests.ErrorValidations" name="loginErrorValidation" time="0.94">
    <failure type="java.lang.AssertionError" message="expected [Incorrect email or password.] but found [Incorrect email or password]">
      <![CDATA[java.lang.AssertionError: expected [Incorrect email or password.] but found [Incorrect email or password]
at positiveAndNegativeTests.ErrorValidations.loginErrorValidation(ErrorValidations.java:22)
at java.base/java.util.ArrayList.forEach(ArrayList.java:1511)
... Removed 33 stack frames]]>
    </failure>
  </testcase> <!-- loginErrorValidation -->
  <testcase classname="positiveAndNegativeTests.ErrorValidations" name="productErrorValidation" time="2.719"/>
</testsuite> <!-- erroralidation -->
