<?xml version="1.0" encoding="UTF-8"?>
<!-- Generated by org.testng.reporters.JUnitXMLReporter -->
<testsuite ignored="2" hostname="QT-INHD-LT0210" failures="0" tests="0" time="0.014" errors="0" timestamp="2023-07-31T16:00:12 IST">
  <testcase classname="sahanaCart.SubmitOrder" name="OrderHistory" time="0.0">
    <ignored/>
  </testcase> <!-- OrderHistory -->
  <testcase classname="sahanaCart.SubmitOrder" name="SubmitOrder" time="0.0">
    <ignored/>
  </testcase> <!-- SubmitOrder -->
</testsuite>
