<?xml version="1.0" encoding="UTF-8"?>
<!-- Generated by org.testng.reporters.JUnitXMLReporter -->
<testsuite ignored="0" hostname="QT-INHD-LT0210" failures="0" tests="6" name="Test" time="0.076" errors="0" timestamp="2023-06-16T18:26:07 IST">
  <testcase classname="testNGtutorial.day1testNG" name="Demo1" time="0.009"/>
  <testcase classname="testNGtutorial.day1testNG" name="Demo2" time="0.001"/>
  <testcase classname="testNGtutorial.day2" name="personalLoan" time="0.002"/>
  <testcase classname="testNGtutorial.day2" name="personalLoan1" time="0.003"/>
  <testcase classname="testNGtutorial.day3" name="carLoan" time="0.001"/>
  <testcase classname="testNGtutorial.day3" name="carLoan1" time="0.0"/>
</testsuite> <!-- Test -->
