<?xml version="1.0" encoding="UTF-8"?>
<!-- Generated by org.testng.reporters.JUnitXMLReporter -->
<testsuite ignored="0" hostname="QT-INHD-LT0210" failures="0" tests="4" name="personal loan" time="0.082" errors="0" timestamp="2023-06-16T18:41:31 IST">
  <testcase classname="testNGtutorial.day1testNG" name="Demo1" time="0.012"/>
  <testcase classname="testNGtutorial.day1testNG" name="Demo2" time="0.003"/>
  <testcase classname="testNGtutorial.day2" name="personalLoan1" time="0.001"/>
  <testcase classname="testNGtutorial.day2" name="ploan" time="0.003"/>
</testsuite> <!-- personal loan -->
